2024-09-16 14:30:13,140 - INFO - -----Application Started-----
2024-09-16 15:33:35,891 - INFO - -----Application Started-----
2024-09-16 15:33:35,892 - ERROR - Folder does not exist: 'C:\Users\Wigiwigi\Folderssync\Replica'
2024-09-16 15:33:35,892 - INFO - -----Application Finished-----
2024-09-16 15:34:11,214 - INFO - -----Application Started-----
2024-09-16 15:34:11,217 - INFO - Master folder set to: C:\Users\WigiWigi\FoldersSync\master
2024-09-16 15:34:11,217 - INFO - Replica folder set to: C:\Users\WigiWigi\FoldersSync\replica
2024-09-16 15:34:11,217 - INFO - Sync interval is set to: 5
2024-09-16 15:34:11,217 - INFO - -----Sync Started-----
2024-09-16 15:34:11,218 - INFO - File 'audio.log' copied to destination folder 'C:\Users\WigiWigi\FoldersSync\replica'
2024-09-16 15:34:11,218 - INFO - File 'istockphoto-1602458519-612x612.jpg' copied to destination folder 'C:\Users\WigiWigi\FoldersSync\replica'
2024-09-16 15:34:11,219 - INFO - File 'MainAfter.webp' copied to destination folder 'C:\Users\WigiWigi\FoldersSync\replica'
2024-09-16 15:34:11,219 - INFO - Folder 'New folder' has been created
2024-09-16 15:34:11,220 - INFO - File 'test_file.txt' copied to destination folder 'C:\Users\WigiWigi\FoldersSync\replica\New folder'
2024-09-16 15:34:11,220 - INFO - File 'test_sync.docx' copied to destination folder 'C:\Users\WigiWigi\FoldersSync\replica'
2024-09-16 15:34:11,220 - INFO - Sync Completed - No more sync needed between 'C:\Users\Wigiwigi\Folderssync\Master' and 'C:\Users\Wigiwigi\Folderssync\Replica' folders
2024-09-16 15:34:11,220 - INFO - -----Sync Finished-----
2024-09-16 15:35:53,739 - INFO - -----Application Started-----
2024-09-16 15:35:53,741 - INFO - Master folder set to: C:\Users\WigiWigi\FoldersSync\master
2024-09-16 15:35:53,741 - INFO - Replica folder set to: C:\Users\WigiWigi\FoldersSync\replica
2024-09-16 15:35:53,741 - INFO - Sync interval is set to: 5
2024-09-16 15:35:53,741 - INFO - -----Sync Started-----
2024-09-16 15:35:53,741 - INFO - Sync Completed - No more sync needed between 'C:\Users\Wigiwigi\Folderssync\Master' and 'C:\Users\Wigiwigi\Folderssync\Replica' folders
2024-09-16 15:35:53,741 - INFO - -----Sync Finished-----
2024-09-16 15:35:58,742 - INFO - -----Sync Started-----
2024-09-16 15:35:58,743 - INFO - Sync Completed - No more sync needed between 'C:\Users\Wigiwigi\Folderssync\Master' and 'C:\Users\Wigiwigi\Folderssync\Replica' folders
2024-09-16 15:35:58,743 - INFO - -----Sync Finished-----
2024-09-16 15:36:03,744 - INFO - -----Sync Started-----
2024-09-16 15:36:08,744 - INFO - -----Sync Started-----
2024-09-16 15:36:13,745 - INFO - -----Sync Started-----
2024-09-16 15:36:18,745 - INFO - -----Sync Started-----
2024-09-16 15:39:09,967 - INFO - -----Application Started-----
2024-09-16 15:39:09,968 - INFO - Master folder set to: C:\Users\WigiWigi\FoldersSync\master
2024-09-16 15:39:09,968 - INFO - Replica folder set to: C:\Users\WigiWigi\FoldersSync\replica
2024-09-16 15:39:09,968 - INFO - Sync interval is set to: 5
2024-09-16 15:39:09,968 - INFO - -----Sync Started-----
2024-09-16 15:39:09,969 - INFO - File 'audio.log' copied to destination folder 'C:\Users\WigiWigi\FoldersSync\replica'
2024-09-16 15:39:09,969 - INFO - File 'istockphoto-1602458519-612x612.jpg' copied to destination folder 'C:\Users\WigiWigi\FoldersSync\replica'
2024-09-16 15:39:09,971 - INFO - File 'MainAfter.webp' copied to destination folder 'C:\Users\WigiWigi\FoldersSync\replica'
2024-09-16 15:39:09,971 - INFO - Folder 'New folder' has been created
2024-09-16 15:39:09,972 - INFO - File 'test_file.txt' copied to destination folder 'C:\Users\WigiWigi\FoldersSync\replica\New folder'
2024-09-16 15:39:09,972 - INFO - File 'test_sync.docx' copied to destination folder 'C:\Users\WigiWigi\FoldersSync\replica'
2024-09-16 15:39:09,972 - INFO - Sync Completed - No more sync needed between 'C:\Users\Wigiwigi\Folderssync\Master' and 'C:\Users\Wigiwigi\Folderssync\Replica' folders
2024-09-16 15:39:09,972 - INFO - -----Sync Finished-----
2024-09-16 15:39:14,974 - INFO - -----Sync Started-----
2024-09-16 15:39:14,976 - INFO - Sync Completed - No more sync needed between 'C:\Users\Wigiwigi\Folderssync\Master' and 'C:\Users\Wigiwigi\Folderssync\Replica' folders
2024-09-16 15:39:14,976 - INFO - -----Sync Finished-----
2024-09-16 15:39:19,976 - INFO - -----Sync Started-----
2024-09-16 15:39:19,976 - INFO - Sync Completed - No more sync needed between 'C:\Users\Wigiwigi\Folderssync\Master' and 'C:\Users\Wigiwigi\Folderssync\Replica' folders
2024-09-16 15:39:19,976 - INFO - -----Sync Finished-----
2024-09-16 15:39:24,978 - INFO - -----Sync Started-----
2024-09-16 15:39:24,978 - INFO - Sync Completed - No more sync needed between 'C:\Users\Wigiwigi\Folderssync\Master' and 'C:\Users\Wigiwigi\Folderssync\Replica' folders
2024-09-16 15:39:24,978 - INFO - -----Sync Finished-----
2024-09-16 15:39:29,979 - INFO - -----Sync Started-----
2024-09-16 15:39:29,979 - ERROR - Folder does not exist: 'C:\Users\Wigiwigi\Folderssync\Replica'
2024-09-16 15:39:29,979 - INFO - -----Application Finished-----
2024-09-16 15:46:34,181 - INFO - -----Application Started-----
2024-09-16 15:46:34,182 - INFO - Master folder set to: C:\Users\WigiWigi\FoldersSync\master
2024-09-16 15:46:34,182 - INFO - Replica folder set to: C:\Users\WigiWigi\FoldersSync\replica
2024-09-16 15:46:34,182 - INFO - Sync interval is set to: 5
2024-09-16 15:46:34,182 - INFO - -----Sync Started-----
2024-09-16 15:46:34,183 - ERROR - Folder does not exist
2024-09-16 15:46:39,183 - INFO - -----Sync Started-----
2024-09-16 15:46:39,183 - ERROR - Folder does not exist
2024-09-16 15:46:44,184 - INFO - -----Sync Started-----
2024-09-16 15:46:44,184 - ERROR - Folder does not exist
2024-09-16 15:46:49,185 - INFO - -----Sync Started-----
2024-09-16 15:46:49,185 - ERROR - Folder does not exist
2024-09-16 15:46:54,185 - INFO - -----Sync Started-----
2024-09-16 15:46:54,186 - INFO - File 'audio.log' copied to destination folder 'C:\Users\WigiWigi\FoldersSync\replica'
2024-09-16 15:46:54,187 - INFO - File 'istockphoto-1602458519-612x612.jpg' copied to destination folder 'C:\Users\WigiWigi\FoldersSync\replica'
2024-09-16 15:46:54,189 - INFO - File 'MainAfter.webp' copied to destination folder 'C:\Users\WigiWigi\FoldersSync\replica'
2024-09-16 15:46:54,189 - INFO - Folder 'New folder' has been created
2024-09-16 15:46:54,190 - INFO - File 'test_file.txt' copied to destination folder 'C:\Users\WigiWigi\FoldersSync\replica\New folder'
2024-09-16 15:46:54,190 - INFO - File 'test_sync.docx' copied to destination folder 'C:\Users\WigiWigi\FoldersSync\replica'
2024-09-16 15:46:54,190 - INFO - Sync Completed - No more sync needed between 'C:\Users\Wigiwigi\Folderssync\Master' and 'C:\Users\Wigiwigi\Folderssync\Replica' folders
2024-09-16 15:46:54,190 - INFO - -----Sync Finished-----
2024-09-16 15:46:59,192 - INFO - -----Sync Started-----
2024-09-16 15:46:59,192 - INFO - Sync Completed - No more sync needed between 'C:\Users\Wigiwigi\Folderssync\Master' and 'C:\Users\Wigiwigi\Folderssync\Replica' folders
2024-09-16 15:46:59,192 - INFO - -----Sync Finished-----
2024-09-16 15:47:04,193 - INFO - -----Sync Started-----
2024-09-16 15:47:04,193 - INFO - Sync Completed - No more sync needed between 'C:\Users\Wigiwigi\Folderssync\Master' and 'C:\Users\Wigiwigi\Folderssync\Replica' folders
2024-09-16 15:47:04,193 - INFO - -----Sync Finished-----
2024-09-16 15:48:30,837 - INFO - -----Application Started-----
2024-09-16 15:48:30,838 - INFO - Master folder set to: C:\Users\WigiWigi\FoldersSync\master
2024-09-16 15:48:30,839 - INFO - Replica folder set to: C:\Users\WigiWigi\FoldersSync\replica
2024-09-16 15:48:30,839 - INFO - Sync interval is set to: 5
2024-09-16 15:48:30,839 - INFO - -----Sync Started-----
2024-09-16 15:48:30,839 - INFO - Sync Completed - No more sync needed between 'C:\Users\Wigiwigi\Folderssync\Master' and 'C:\Users\Wigiwigi\Folderssync\Replica' folders
2024-09-16 15:48:30,839 - INFO - -----Sync Finished-----
2024-09-16 15:48:35,840 - INFO - -----Sync Started-----
2024-09-16 15:48:35,840 - ERROR - Folder does not exist: None
2024-09-16 15:48:40,840 - INFO - -----Sync Started-----
2024-09-16 15:48:40,840 - ERROR - Folder does not exist: None
2024-09-16 15:49:28,695 - INFO - -----Application Started-----
2024-09-16 15:49:28,696 - INFO - Master folder set to: C:\Users\WigiWigi\FoldersSync\master
2024-09-16 15:49:28,696 - INFO - Replica folder set to: C:\Users\WigiWigi\FoldersSync\replica
2024-09-16 15:49:28,696 - INFO - Sync interval is set to: 5
2024-09-16 15:49:28,696 - INFO - -----Sync Started-----
2024-09-16 15:59:42,509 - INFO - -----Application Started-----
2024-09-16 15:59:42,510 - INFO - Master folder set to: C:\Users\WigiWigi\FoldersSync\master
2024-09-16 15:59:42,510 - INFO - Replica folder set to: C:\Users\WigiWigi\FoldersSync\replica
2024-09-16 15:59:42,510 - INFO - Sync interval is set to: 5
2024-09-16 15:59:42,510 - INFO - -----Sync Started-----
2024-09-16 15:59:42,510 - ERROR - Folder does not exist: None
2024-09-16 16:00:00,250 - INFO - -----Application Started-----
2024-09-16 16:00:00,251 - INFO - Master folder set to: C:\Users\WigiWigi\FoldersSync\master
2024-09-16 16:00:00,251 - INFO - Replica folder set to: C:\Users\WigiWigi\FoldersSync\replica
2024-09-16 16:00:00,251 - INFO - Sync interval is set to: 5
2024-09-16 16:00:00,251 - INFO - -----Sync Started-----
2024-09-16 16:00:00,251 - ERROR - Folder does not exist: None
2024-09-16 16:02:20,917 - INFO - -----Application Started-----
2024-09-16 16:02:20,918 - ERROR - Folder does not exist: 'C:\Users\Wigiwigi\Folderssync\Replica'
2024-09-16 16:02:20,918 - INFO - -----Application Finished-----
2024-09-16 16:03:22,376 - INFO - -----Application Started-----
2024-09-16 16:03:22,377 - INFO - Master folder set to: C:\Users\WigiWigi\FoldersSync\master
2024-09-16 16:03:22,377 - INFO - Replica folder set to: C:\Users\WigiWigi\FoldersSync\replica
2024-09-16 16:03:22,377 - INFO - Sync interval is set to: 5
2024-09-16 16:03:22,377 - INFO - -----Sync Started-----
2024-09-16 16:03:22,378 - INFO - File 'audio.log' copied to destination folder 'C:\Users\WigiWigi\FoldersSync\replica'
2024-09-16 16:03:22,378 - INFO - File 'istockphoto-1602458519-612x612.jpg' copied to destination folder 'C:\Users\WigiWigi\FoldersSync\replica'
2024-09-16 16:03:22,379 - INFO - File 'MainAfter.webp' copied to destination folder 'C:\Users\WigiWigi\FoldersSync\replica'
2024-09-16 16:03:22,379 - INFO - Folder 'New folder' has been created
2024-09-16 16:03:22,380 - INFO - File 'test_file.txt' copied to destination folder 'C:\Users\WigiWigi\FoldersSync\replica\New folder'
2024-09-16 16:03:22,380 - INFO - File 'test_sync.docx' copied to destination folder 'C:\Users\WigiWigi\FoldersSync\replica'
2024-09-16 16:03:22,380 - INFO - Sync Completed - No more sync needed between 'C:\Users\Wigiwigi\Folderssync\Master' and 'C:\Users\Wigiwigi\Folderssync\Replica' folders
2024-09-16 16:03:22,380 - INFO - -----Sync Finished-----
2024-09-16 16:03:40,223 - INFO - -----Application Started-----
2024-09-16 16:03:40,224 - INFO - Master folder set to: C:\Users\WigiWigi\FoldersSync\master
2024-09-16 16:03:40,224 - INFO - Replica folder set to: C:\Users\WigiWigi\FoldersSync\replica
2024-09-16 16:03:40,224 - INFO - Sync interval is set to: 5
2024-09-16 16:03:40,224 - INFO - -----Sync Started-----
2024-09-16 16:03:40,225 - INFO - Sync Completed - No more sync needed between 'C:\Users\Wigiwigi\Folderssync\Master' and 'C:\Users\Wigiwigi\Folderssync\Replica' folders
2024-09-16 16:03:40,225 - INFO - -----Sync Finished-----
2024-09-16 16:03:46,225 - INFO - -----Sync Started-----
2024-09-16 16:03:46,225 - INFO - Sync Completed - No more sync needed between 'C:\Users\Wigiwigi\Folderssync\Master' and 'C:\Users\Wigiwigi\Folderssync\Replica' folders
2024-09-16 16:03:46,225 - INFO - -----Sync Finished-----
2024-09-16 16:03:52,226 - INFO - -----Sync Started-----
2024-09-16 16:03:52,226 - ERROR - Folder does not exist: 'C:\Users\Wigiwigi\Folderssync\Replica'
2024-09-16 16:03:52,226 - INFO - -----Application Finished-----
2024-09-16 16:05:20,530 - INFO - -----Application Started-----
2024-09-16 16:05:37,411 - ERROR - Folder does not exist: 'C:\Users\Wigiwigi\Folderssync\Replica'
2024-09-16 16:05:37,411 - INFO - -----Application Finished-----
2024-09-16 16:06:49,638 - INFO - -----Application Started-----
2024-09-16 16:06:49,639 - INFO - Master folder set to: C:\Users\WigiWigi\FoldersSync\master
2024-09-16 16:06:49,639 - INFO - Replica folder set to: C:\Users\WigiWigi\FoldersSync\replica
2024-09-16 16:06:49,639 - INFO - Sync interval is set to: 5
2024-09-16 16:06:49,639 - INFO - -----Sync Started-----
2024-09-16 16:06:49,640 - INFO - File 'audio.log' copied to destination folder 'C:\Users\WigiWigi\FoldersSync\replica'
2024-09-16 16:06:49,641 - INFO - File 'istockphoto-1602458519-612x612.jpg' copied to destination folder 'C:\Users\WigiWigi\FoldersSync\replica'
2024-09-16 16:06:49,641 - INFO - File 'MainAfter.webp' copied to destination folder 'C:\Users\WigiWigi\FoldersSync\replica'
2024-09-16 16:06:49,642 - INFO - Folder 'New folder' has been created
2024-09-16 16:06:49,642 - INFO - File 'test_file.txt' copied to destination folder 'C:\Users\WigiWigi\FoldersSync\replica\New folder'
2024-09-16 16:06:49,643 - INFO - File 'test_sync.docx' copied to destination folder 'C:\Users\WigiWigi\FoldersSync\replica'
2024-09-16 16:06:49,643 - INFO - Sync Completed - No more sync needed between 'C:\Users\Wigiwigi\Folderssync\Master' and 'C:\Users\Wigiwigi\Folderssync\Replica' folders
2024-09-16 16:06:49,643 - INFO - -----Sync Finished-----
2024-09-16 16:06:55,643 - INFO - -----Sync Started-----
2024-09-16 16:06:55,643 - INFO - Sync Completed - No more sync needed between 'C:\Users\Wigiwigi\Folderssync\Master' and 'C:\Users\Wigiwigi\Folderssync\Replica' folders
2024-09-16 16:06:55,643 - INFO - -----Sync Finished-----
2024-09-16 16:07:01,644 - INFO - -----Sync Started-----
2024-09-16 16:07:01,644 - ERROR - Folder does not exist: 'C:\Users\Wigiwigi\Folderssync\Replica'
2024-09-16 16:07:01,644 - INFO - -----Application Finished-----
2024-09-16 16:07:15,373 - INFO - -----Application Started-----
2024-09-16 16:07:36,559 - ERROR - Folder does not exist: 'C:\Users\Wigiwigi\Folderssync\Replica'
2024-09-16 16:07:36,559 - INFO - -----Application Finished-----
2024-09-16 16:10:27,423 - INFO - -----Application Started-----
2024-09-16 16:10:27,425 - ERROR - Folder does not exist: 'C:\Users\Wigiwigi\Folderssync\Replica'
2024-09-16 16:10:27,425 - INFO - -----Application Finished-----
2024-09-16 16:10:37,924 - INFO - -----Application Started-----
2024-09-16 16:10:37,925 - INFO - Master folder set to: C:\Users\WigiWigi\FoldersSync\master
2024-09-16 16:10:37,925 - INFO - Replica folder set to: C:\Users\WigiWigi\FoldersSync\replica
2024-09-16 16:10:37,925 - INFO - Sync interval is set to: 5
2024-09-16 16:10:37,925 - INFO - -----Sync Started-----
2024-09-16 16:10:37,926 - INFO - File 'audio.log' copied to destination folder 'C:\Users\WigiWigi\FoldersSync\replica'
2024-09-16 16:10:37,927 - INFO - File 'istockphoto-1602458519-612x612.jpg' copied to destination folder 'C:\Users\WigiWigi\FoldersSync\replica'
2024-09-16 16:10:37,927 - INFO - File 'MainAfter.webp' copied to destination folder 'C:\Users\WigiWigi\FoldersSync\replica'
2024-09-16 16:10:37,928 - INFO - Folder 'New folder' has been created
2024-09-16 16:10:37,928 - INFO - File 'test_file.txt' copied to destination folder 'C:\Users\WigiWigi\FoldersSync\replica\New folder'
2024-09-16 16:10:37,929 - INFO - File 'test_sync.docx' copied to destination folder 'C:\Users\WigiWigi\FoldersSync\replica'
2024-09-16 16:10:37,929 - INFO - Sync Completed - No more sync needed between 'C:\Users\Wigiwigi\Folderssync\Master' and 'C:\Users\Wigiwigi\Folderssync\Replica' folders
2024-09-16 16:10:37,929 - INFO - -----Sync Finished-----
2024-09-16 16:10:43,930 - INFO - -----Sync Started-----
2024-09-16 16:10:43,930 - INFO - Sync Completed - No more sync needed between 'C:\Users\Wigiwigi\Folderssync\Master' and 'C:\Users\Wigiwigi\Folderssync\Replica' folders
2024-09-16 16:10:43,930 - INFO - -----Sync Finished-----
2024-09-16 16:10:49,931 - INFO - -----Sync Started-----
2024-09-16 16:10:55,931 - INFO - -----Sync Started-----
2024-09-16 16:17:27,777 - INFO - -----Application Started-----
2024-09-16 16:17:27,779 - ERROR - Folder does not exist: 'C:\Users\Wigiwigi\Folderssync\Replica'
2024-09-16 16:17:27,779 - INFO - -----Application Finished-----
2024-09-16 16:17:45,622 - INFO - -----Application Started-----
2024-09-16 16:17:45,623 - INFO - Master folder set to: C:\Users\WigiWigi\FoldersSync\master
2024-09-16 16:17:45,623 - INFO - Replica folder set to: C:\Users\WigiWigi\FoldersSync\replica
2024-09-16 16:17:45,623 - INFO - Sync interval is set to: 5
2024-09-16 16:17:45,623 - INFO - -----Sync Started-----
2024-09-16 16:17:45,624 - INFO - File 'audio.log' copied to destination folder 'C:\Users\WigiWigi\FoldersSync\replica'
2024-09-16 16:17:45,625 - INFO - File 'istockphoto-1602458519-612x612.jpg' copied to destination folder 'C:\Users\WigiWigi\FoldersSync\replica'
2024-09-16 16:17:45,625 - INFO - File 'MainAfter.webp' copied to destination folder 'C:\Users\WigiWigi\FoldersSync\replica'
2024-09-16 16:17:45,626 - INFO - Folder 'New folder' has been created
2024-09-16 16:17:45,626 - INFO - File 'test_file.txt' copied to destination folder 'C:\Users\WigiWigi\FoldersSync\replica\New folder'
2024-09-16 16:17:45,627 - INFO - File 'test_sync.docx' copied to destination folder 'C:\Users\WigiWigi\FoldersSync\replica'
2024-09-16 16:17:45,627 - INFO - Sync Completed - No more sync needed between 'C:\Users\Wigiwigi\Folderssync\Master' and 'C:\Users\Wigiwigi\Folderssync\Replica' folders
2024-09-16 16:17:45,627 - INFO - -----Sync Finished-----
2024-09-16 16:17:51,627 - INFO - -----Sync Started-----
2024-09-16 16:17:51,627 - INFO - Sync Completed - No more sync needed between 'C:\Users\Wigiwigi\Folderssync\Master' and 'C:\Users\Wigiwigi\Folderssync\Replica' folders
2024-09-16 16:17:51,627 - INFO - -----Sync Finished-----
2024-09-16 16:17:57,629 - INFO - -----Sync Started-----
2024-09-16 16:18:03,629 - INFO - -----Sync Started-----
2024-09-16 16:18:40,755 - INFO - -----Application Started-----
2024-09-16 16:18:40,755 - INFO - -----Sync Started-----
2024-09-16 16:18:40,756 - ERROR - Folder does not exist: 'C:\Users\Wigiwigi\Folderssync\Replica'
2024-09-16 16:18:40,756 - INFO - -----Application Finished-----
2024-09-16 16:19:02,655 - INFO - -----Application Started-----
2024-09-16 16:19:02,656 - INFO - -----Sync Started-----
2024-09-16 16:19:02,657 - INFO - Master folder set to: C:\Users\WigiWigi\FoldersSync\master
2024-09-16 16:19:02,657 - INFO - Replica folder set to: C:\Users\WigiWigi\FoldersSync\replica
2024-09-16 16:19:02,657 - INFO - Sync interval is set to: 5
2024-09-16 16:19:02,657 - INFO - File 'audio.log' copied to destination folder 'C:\Users\WigiWigi\FoldersSync\replica'
2024-09-16 16:19:02,658 - INFO - File 'istockphoto-1602458519-612x612.jpg' copied to destination folder 'C:\Users\WigiWigi\FoldersSync\replica'
2024-09-16 16:19:02,659 - INFO - File 'MainAfter.webp' copied to destination folder 'C:\Users\WigiWigi\FoldersSync\replica'
2024-09-16 16:19:02,659 - INFO - Folder 'New folder' has been created
2024-09-16 16:19:02,659 - INFO - File 'test_file.txt' copied to destination folder 'C:\Users\WigiWigi\FoldersSync\replica\New folder'
2024-09-16 16:19:02,660 - INFO - File 'test_sync.docx' copied to destination folder 'C:\Users\WigiWigi\FoldersSync\replica'
2024-09-16 16:19:02,660 - INFO - Sync Completed - No more sync needed between 'C:\Users\Wigiwigi\Folderssync\Master' and 'C:\Users\Wigiwigi\Folderssync\Replica' folders
2024-09-16 16:19:02,660 - INFO - -----Sync Finished-----
2024-09-16 16:19:08,660 - INFO - -----Sync Started-----
2024-09-16 16:19:08,660 - ERROR - Folder does not exist: 'C:\Users\Wigiwigi\Folderssync\Replica'
2024-09-16 16:19:08,660 - INFO - -----Application Finished-----
2024-09-16 16:19:36,488 - INFO - -----Application Started-----
2024-09-16 16:19:36,488 - INFO - -----Sync Started-----
2024-09-16 16:19:36,489 - ERROR - Folder does not exist: 'C:\Users\Wigiwigi\Folderssync\Replica'
2024-09-16 16:19:36,489 - INFO - -----Application Finished-----
2024-09-16 16:19:53,136 - INFO - -----Application Started-----
2024-09-16 16:19:53,136 - INFO - -----Sync Started-----
2024-09-16 16:19:53,137 - INFO - Master folder set to: C:\Users\WigiWigi\FoldersSync\master
2024-09-16 16:19:53,137 - INFO - Replica folder set to: C:\Users\WigiWigi\FoldersSync\replica
2024-09-16 16:19:53,137 - INFO - Sync interval is set to: 5
2024-09-16 16:19:53,138 - INFO - File 'audio.log' copied to destination folder 'C:\Users\WigiWigi\FoldersSync\replica'
2024-09-16 16:19:53,138 - INFO - File 'istockphoto-1602458519-612x612.jpg' copied to destination folder 'C:\Users\WigiWigi\FoldersSync\replica'
2024-09-16 16:19:53,138 - INFO - File 'MainAfter.webp' copied to destination folder 'C:\Users\WigiWigi\FoldersSync\replica'
2024-09-16 16:19:53,138 - INFO - Folder 'New folder' has been created
2024-09-16 16:19:53,139 - INFO - File 'test_file.txt' copied to destination folder 'C:\Users\WigiWigi\FoldersSync\replica\New folder'
2024-09-16 16:19:53,139 - INFO - File 'test_sync.docx' copied to destination folder 'C:\Users\WigiWigi\FoldersSync\replica'
2024-09-16 16:19:53,139 - INFO - Sync Completed - No more sync needed between 'C:\Users\Wigiwigi\Folderssync\Master' and 'C:\Users\Wigiwigi\Folderssync\Replica' folders
2024-09-16 16:19:53,139 - INFO - -----Sync Finished-----
2024-09-16 16:19:59,141 - INFO - -----Sync Started-----
2024-09-16 16:19:59,141 - ERROR - Folder does not exist: 'C:\Users\Wigiwigi\Folderssync\Replica'
2024-09-16 16:19:59,141 - INFO - -----Application Finished-----
2024-09-16 16:23:14,672 - INFO - -----Application Started-----
2024-09-16 16:23:14,672 - INFO - -----Sync Started-----
2024-09-16 16:23:20,229 - ERROR - Folder does not exist: 'C:\Users\Wigiwigi\Folderssync\Replica'
2024-09-16 16:23:20,229 - INFO - -----Application Finished-----
2024-09-16 16:25:06,322 - INFO - -----Application Started-----
2024-09-16 16:25:06,322 - INFO - -----Sync Started-----
2024-09-16 16:25:06,323 - ERROR - Folder does not exist: 'C:\Users\Wigiwigi\Folderssync\Replica'
2024-09-16 16:25:06,323 - INFO - -----Application Finished-----
2024-09-16 16:25:18,337 - INFO - -----Application Started-----
2024-09-16 16:25:18,337 - INFO - -----Sync Started-----
2024-09-16 16:25:18,338 - INFO - Master folder set to: C:\Users\WigiWigi\FoldersSync\master
2024-09-16 16:25:18,338 - INFO - Replica folder set to: C:\Users\WigiWigi\FoldersSync\replica
2024-09-16 16:25:18,338 - INFO - Sync interval is set to: 5
2024-09-16 16:25:18,339 - INFO - File 'audio.log' copied to destination folder 'C:\Users\WigiWigi\FoldersSync\replica'
2024-09-16 16:25:18,340 - INFO - File 'istockphoto-1602458519-612x612.jpg' copied to destination folder 'C:\Users\WigiWigi\FoldersSync\replica'
2024-09-16 16:25:18,340 - INFO - File 'MainAfter.webp' copied to destination folder 'C:\Users\WigiWigi\FoldersSync\replica'
2024-09-16 16:25:18,341 - INFO - Folder 'New folder' has been created
2024-09-16 16:25:18,341 - INFO - File 'test_file.txt' copied to destination folder 'C:\Users\WigiWigi\FoldersSync\replica\New folder'
2024-09-16 16:25:18,341 - INFO - File 'test_sync.docx' copied to destination folder 'C:\Users\WigiWigi\FoldersSync\replica'
2024-09-16 16:25:18,341 - INFO - Sync Completed - No more sync needed between 'C:\Users\Wigiwigi\Folderssync\Master' and 'C:\Users\Wigiwigi\Folderssync\Replica' folders
2024-09-16 16:25:18,341 - INFO - -----Sync Finished-----
2024-09-16 16:25:24,342 - INFO - -----Sync Started-----
2024-09-16 16:25:24,342 - ERROR - Folder does not exist: 'C:\Users\Wigiwigi\Folderssync\Replica'
2024-09-16 16:25:24,342 - INFO - -----Application Finished-----
2024-09-16 16:26:08,059 - INFO - -----Application Started-----
2024-09-16 16:26:08,059 - INFO - -----Sync Started-----
2024-09-16 16:26:08,060 - ERROR - Folder does not exist: 'C:\Users\Wigiwigi\Folderssync\Replica'
2024-09-16 16:26:08,060 - INFO - -----Application Finished-----
2024-09-16 16:29:14,649 - INFO - -----Application Started-----
2024-09-16 16:29:14,651 - INFO - Master folder set to: C:\Users\WigiWigi\FoldersSync\master
2024-09-16 16:29:14,651 - INFO - Replica folder set to: C:\Users\WigiWigi\FoldersSync\replica
2024-09-16 16:29:14,651 - INFO - Sync interval is set to: 5
2024-09-16 16:29:14,651 - ERROR - Folder does not exist: 'C:\Users\Wigiwigi\Folderssync\Replica'
2024-09-16 16:29:14,651 - INFO - -----Application Finished-----
2024-09-16 16:29:20,652 - ERROR - Folder does not exist: 'C:\Users\Wigiwigi\Folderssync\Replica'
2024-09-16 16:29:20,652 - INFO - -----Application Finished-----
2024-09-16 16:29:26,653 - ERROR - Folder does not exist: 'C:\Users\Wigiwigi\Folderssync\Replica'
2024-09-16 16:29:26,653 - INFO - -----Application Finished-----
2024-09-16 16:29:32,654 - ERROR - Folder does not exist: 'C:\Users\Wigiwigi\Folderssync\Replica'
2024-09-16 16:29:32,654 - INFO - -----Application Finished-----
2024-09-16 16:29:38,654 - INFO - -----Sync Started-----
2024-09-16 16:29:38,655 - INFO - File 'audio.log' copied to destination folder 'C:\Users\WigiWigi\FoldersSync\replica'
2024-09-16 16:29:38,656 - INFO - File 'istockphoto-1602458519-612x612.jpg' copied to destination folder 'C:\Users\WigiWigi\FoldersSync\replica'
2024-09-16 16:29:38,657 - INFO - File 'MainAfter.webp' copied to destination folder 'C:\Users\WigiWigi\FoldersSync\replica'
2024-09-16 16:29:38,657 - INFO - Folder 'New folder' has been created
2024-09-16 16:29:38,658 - INFO - File 'test_file.txt' copied to destination folder 'C:\Users\WigiWigi\FoldersSync\replica\New folder'
2024-09-16 16:29:38,658 - INFO - File 'test_sync.docx' copied to destination folder 'C:\Users\WigiWigi\FoldersSync\replica'
2024-09-16 16:29:38,658 - INFO - Sync Completed - No more sync needed between 'C:\Users\Wigiwigi\Folderssync\Master' and 'C:\Users\Wigiwigi\Folderssync\Replica' folders
2024-09-16 16:29:38,658 - INFO - -----Sync Finished-----
2024-09-16 16:29:44,659 - INFO - -----Sync Started-----
2024-09-16 16:29:44,660 - INFO - Sync Completed - No more sync needed between 'C:\Users\Wigiwigi\Folderssync\Master' and 'C:\Users\Wigiwigi\Folderssync\Replica' folders
2024-09-16 16:29:44,660 - INFO - -----Sync Finished-----
2024-09-16 16:29:50,661 - ERROR - Folder does not exist: 'C:\Users\Wigiwigi\Folderssync\Replica'
2024-09-16 16:29:50,661 - INFO - -----Application Finished-----
2024-09-16 16:29:56,661 - ERROR - Folder does not exist: 'C:\Users\Wigiwigi\Folderssync\Replica'
2024-09-16 16:29:56,661 - INFO - -----Application Finished-----
2024-09-16 16:30:02,662 - INFO - -----Sync Started-----
2024-09-16 16:30:02,662 - INFO - File 'audio.log' copied to destination folder 'C:\Users\WigiWigi\FoldersSync\replica'
2024-09-16 16:30:02,663 - INFO - File 'istockphoto-1602458519-612x612.jpg' copied to destination folder 'C:\Users\WigiWigi\FoldersSync\replica'
2024-09-16 16:30:02,663 - INFO - File 'MainAfter.webp' copied to destination folder 'C:\Users\WigiWigi\FoldersSync\replica'
2024-09-16 16:30:02,664 - INFO - Folder 'New folder' has been created
2024-09-16 16:30:02,664 - INFO - File 'test_file.txt' copied to destination folder 'C:\Users\WigiWigi\FoldersSync\replica\New folder'
2024-09-16 16:30:02,665 - INFO - File 'test_sync.docx' copied to destination folder 'C:\Users\WigiWigi\FoldersSync\replica'
2024-09-16 16:30:02,665 - INFO - Sync Completed - No more sync needed between 'C:\Users\Wigiwigi\Folderssync\Master' and 'C:\Users\Wigiwigi\Folderssync\Replica' folders
2024-09-16 16:30:02,665 - INFO - -----Sync Finished-----
2024-09-16 16:31:20,159 - INFO - -----Application Started-----
2024-09-16 16:31:20,160 - INFO - Master folder set to: C:\Users\WigiWigi\FoldersSync\master
2024-09-16 16:31:20,160 - INFO - Replica folder set to: C:\Users\WigiWigi\FoldersSync\replica
2024-09-16 16:31:20,160 - INFO - Sync interval is set to: 5
2024-09-16 16:31:20,160 - INFO - -----Sync Started-----
2024-09-16 16:31:20,161 - INFO - File 'audio.log' copied to destination folder 'C:\Users\WigiWigi\FoldersSync\replica'
2024-09-16 16:31:20,162 - INFO - Sync Completed - No more sync needed between 'C:\Users\Wigiwigi\Folderssync\Master' and 'C:\Users\Wigiwigi\Folderssync\Replica' folders
2024-09-16 16:31:20,162 - INFO - -----Sync Finished-----
2024-09-16 16:32:07,209 - INFO - -----Application Started-----
2024-09-16 16:32:07,212 - INFO - Master folder set to: C:\Users\WigiWigi\FoldersSync\master
2024-09-16 16:32:07,212 - INFO - Replica folder set to: C:\Users\WigiWigi\FoldersSync\replica
2024-09-16 16:32:07,212 - INFO - Sync interval is set to: 5
2024-09-16 16:32:07,212 - INFO - -----Sync Started-----
2024-09-16 16:35:50,987 - INFO - -----Application Started-----
2024-09-16 16:35:50,988 - INFO - Master folder set to: C:\Users\WigiWigi\FoldersSync\master
2024-09-16 16:35:50,988 - INFO - Replica folder set to: C:\Users\WigiWigi\FoldersSync\replica
2024-09-16 16:35:50,988 - INFO - Sync interval is set to: 5
2024-09-16 16:35:50,988 - INFO - -----Sync Started-----
2024-09-16 16:35:50,989 - INFO - File "audfsddio.log" was deleted from 'C:\Users\WigiWigi\FoldersSync\replica' folder
2024-09-16 16:35:50,989 - INFO - Sync Completed - No more sync needed between 'C:\Users\Wigiwigi\Folderssync\Master' and 'C:\Users\Wigiwigi\Folderssync\Replica' folders
2024-09-16 16:35:50,989 - INFO - -----Sync Finished-----
2024-09-16 16:36:23,598 - INFO - -----Application Started-----
2024-09-16 16:36:23,600 - INFO - Master folder set to: C:\Users\WigiWigi\FoldersSync\master
2024-09-16 16:36:23,600 - INFO - Replica folder set to: C:\Users\WigiWigi\FoldersSync\replica
2024-09-16 16:36:23,600 - INFO - Sync interval is set to: 5
2024-09-16 16:36:23,600 - INFO - -----Sync Started-----
2024-09-16 16:36:23,600 - INFO - File "test_fddile.txt" was deleted from 'C:\Users\WigiWigi\FoldersSync\replica\New folder' folder
2024-09-16 16:36:23,601 - INFO - Sync Completed - No more sync needed between 'C:\Users\Wigiwigi\Folderssync\Master' and 'C:\Users\Wigiwigi\Folderssync\Replica' folders
2024-09-16 16:36:23,601 - INFO - -----Sync Finished-----
